17:12:11.840 INFO [GridLauncherV3.parse] - Selenium server version: 3.141.59, revision: e82be7d358
17:12:11.898 INFO [GridLauncherV3.lambda$buildLaunchers$3] - Launching a standalone Selenium Server on port 4444
2019-04-17 17:12:11.939:INFO::main: Logging initialized @283ms to org.seleniumhq.jetty9.util.log.StdErrLog
17:12:12.131 INFO [WebDriverServlet.<init>] - Initialising WebDriverServlet
17:12:12.388 INFO [SeleniumServer.boot] - Selenium Server is up and running on port 4444
17:12:12.563 INFO [ActiveSessionFactory.apply] - Capabilities are: {
  "acceptSslCerts": true,
  "browserName": "chrome",
  "chromeOptions": {
    "args": [
      "--no-sandbox"
    ]
  },
  "loggingPrefs": {
    "browser": "INFO",
    "driver": "INFO",
    "server": "OFF"
  },
  "name": "Test"
}
17:12:12.565 INFO [ActiveSessionFactory.lambda$apply$11] - Matched factory org.openqa.selenium.grid.session.remote.ServicedSession$Factory (provider: org.openqa.selenium.chrome.ChromeDriverService)
Starting ChromeDriver 2.46.628402 (536cd7adbad73a3783fdc2cab92ab2ba7ec361e1) on port 2812
Only local connections are allowed.
Please protect ports used by ChromeDriver and related test frameworks to prevent access by malicious code.
[1555492333.293][WARNING]: Ignoring unrecognized log type: server
17:12:15.151 INFO [ProtocolHandshake.createSession] - Detected dialect: OSS
17:12:15.355 INFO [RemoteSession$Factory.lambda$performHandshake$0] - Started new session 73cbcc3c65e408ac26f3d140e1b66764 (org.openqa.selenium.chrome.ChromeDriverService)
17:12:22.140 INFO [ActiveSessions$1.onStop] - Removing session 73cbcc3c65e408ac26f3d140e1b66764 (org.openqa.selenium.chrome.ChromeDriverService)
